<?xml version="1.0" encoding="UTF-8"?>
<!-- Generated by org.testng.reporters.JUnitReportReporter -->
<testsuite skipped="0" hostname="WB-Vostro2" name="com.qtpselenium.core.hybrid.testecases.Gmail_Test" tests="1" failures="0" timestamp="06 Jun 2017 05:07:20 GMT" time="26.657" errors="0">
  <testcase name="doLogin" time="26.657" classname="com.qtpselenium.core.hybrid.testecases.Gmail_Test"/>
</testsuite> <!-- com.qtpselenium.core.hybrid.testecases.Gmail_Test -->
